<?xml version="1.0" encoding="UTF-8"?>
<!-- Generated by org.testng.reporters.JUnitReportReporter -->
<testsuite hostname="DESKTOP-7URID6Q" failures="0" tests="2" name="cucumberOptions.TestNGTestRunner" time="31.776" errors="0" timestamp="2024-11-30T17:13:26 IST" skipped="0">
  <testcase classname="cucumberOptions.TestNGTestRunner" name="runScenario" time="15.917"/>
  <testcase classname="cucumberOptions.TestNGTestRunner" name="runScenario" time="15.859"/>
</testsuite> <!-- cucumberOptions.TestNGTestRunner -->
